2024-08-18 23:15:22,820 - __main__ - INFO - Starting KNN Evaluation
2024-08-18 23:15:22,820 - __main__ - ERROR - Error evaluating KNN model:name 'paramet_tune' is not defined
2024-08-18 23:15:22,820 - __main__ - INFO - Starting Random Forest Classifier Evaluation
2024-08-18 23:15:22,820 - __main__ - ERROR - Error evaluating Random Forest Classifier model:RandomForest_tuner.__init__() takes 3 positional arguments but 5 were given
2024-08-18 23:15:22,820 - __main__ - INFO - Starting XGBoost Classifier Evaluation
2024-08-18 23:15:22,820 - __main__ - ERROR - Error evaluating XGBoost Classifier model:name 'paramet_tune' is not defined
2024-08-18 23:15:22,820 - __main__ - INFO - Starting SVM Classifier Evaluation
2024-08-18 23:15:22,820 - __main__ - ERROR - Error evaluating SVM model:The 'scoring' parameter of cross_validate must be a str among {'f1_weighted', 'neg_mean_gamma_deviance', 'recall_macro', 'average_precision', 'neg_mean_squared_error', 'normalized_mutual_info_score', 'neg_root_mean_squared_log_error', 'adjusted_rand_score', 'jaccard', 'max_error', 'precision', 'matthews_corrcoef', 'recall', 'roc_auc_ovo', 'positive_likelihood_ratio', 'recall_weighted', 'completeness_score', 'neg_mean_poisson_deviance', 'f1_micro', 'precision_weighted', 'neg_median_absolute_error', 'mutual_info_score', 'explained_variance', 'recall_micro', 'adjusted_mutual_info_score', 'neg_negative_likelihood_ratio', 'neg_mean_absolute_error', 'neg_root_mean_squared_error', 'roc_auc_ovr', 'v_measure_score', 'jaccard_micro', 'neg_log_loss', 'neg_mean_squared_log_error', 'precision_micro', 'f1', 'r2', 'balanced_accuracy', 'recall_samples', 'accuracy', 'jaccard_samples', 'neg_brier_score', 'jaccard_macro', 'roc_auc', 'roc_auc_ovo_weighted', 'roc_auc_ovr_weighted', 'rand_score', 'homogeneity_score', 'jaccard_weighted', 'neg_mean_absolute_percentage_error', 'precision_samples', 'top_k_accuracy', 'f1_macro', 'f1_samples', 'fowlkes_mallows_score', 'precision_macro'}, a callable, an instance of 'list', an instance of 'tuple', an instance of 'dict' or None. Got array([0, 0, 0, ..., 0, 0, 0]) instead.
2024-08-18 23:15:22,820 - __main__ - INFO - Starting Naive Bayes Classifier Evaluation
2024-08-18 23:15:22,821 - __main__ - ERROR - Error evaluating Naive Bayes model:The 'scoring' parameter of cross_validate must be a str among {'f1_weighted', 'neg_mean_gamma_deviance', 'recall_macro', 'average_precision', 'neg_mean_squared_error', 'normalized_mutual_info_score', 'neg_root_mean_squared_log_error', 'adjusted_rand_score', 'jaccard', 'max_error', 'precision', 'matthews_corrcoef', 'recall', 'roc_auc_ovo', 'positive_likelihood_ratio', 'recall_weighted', 'completeness_score', 'neg_mean_poisson_deviance', 'f1_micro', 'precision_weighted', 'neg_median_absolute_error', 'mutual_info_score', 'explained_variance', 'recall_micro', 'adjusted_mutual_info_score', 'neg_negative_likelihood_ratio', 'neg_mean_absolute_error', 'neg_root_mean_squared_error', 'roc_auc_ovr', 'v_measure_score', 'jaccard_micro', 'neg_log_loss', 'neg_mean_squared_log_error', 'precision_micro', 'f1', 'r2', 'balanced_accuracy', 'recall_samples', 'accuracy', 'jaccard_samples', 'neg_brier_score', 'jaccard_macro', 'roc_auc', 'roc_auc_ovo_weighted', 'roc_auc_ovr_weighted', 'rand_score', 'homogeneity_score', 'jaccard_weighted', 'neg_mean_absolute_percentage_error', 'precision_samples', 'top_k_accuracy', 'f1_macro', 'f1_samples', 'fowlkes_mallows_score', 'precision_macro'}, a callable, an instance of 'list', an instance of 'tuple', an instance of 'dict' or None. Got array([0, 0, 0, ..., 0, 0, 0]) instead.
2024-08-18 23:15:22,821 - __main__ - INFO - Starting CatBoost Classifier Evaluation
2024-08-18 23:15:22,821 - __main__ - ERROR - Error evaluating CatBoost model:Catboost_tuner.__init__() takes 3 positional arguments but 5 were given
2024-08-18 23:15:22,821 - __main__ - INFO - Starting LOF Evaluation
2024-08-18 23:15:22,907 - __main__ - ERROR - Error evaluating LOF model:"None of [Index([     1,      3,      4,      5,      8,      9,     10,     11,     13,\n           14,\n       ...\n       594630, 594631, 594633, 594635, 594636, 594637, 594638, 594639, 594640,\n       594641],\n      dtype='int64', length=475714)] are in the [columns]"
2024-08-18 23:15:22,907 - __main__ - INFO - Starting PCA Evaluation
2024-08-18 23:15:22,959 - __main__ - ERROR - Error evaluating PCA model:"None of [Index([     1,      3,      4,      5,      8,      9,     10,     11,     13,\n           14,\n       ...\n       594630, 594631, 594633, 594635, 594636, 594637, 594638, 594639, 594640,\n       594641],\n      dtype='int64', length=475714)] are in the [columns]"
2024-08-18 23:15:22,960 - __main__ - INFO - Starting Isolation Forest Evaluation
2024-08-18 23:15:22,960 - __main__ - ERROR - Error evaluating Isolation Forest model:name 'paramet_tune' is not defined
2024-08-18 23:15:22,960 - __main__ - INFO - Starting DBSCAN Evaluation
2024-08-18 23:15:23,022 - __main__ - ERROR - Error evaluating DBSCAN model:"None of [Index([     1,      3,      4,      5,      8,      9,     10,     11,     13,\n           14,\n       ...\n       594630, 594631, 594633, 594635, 594636, 594637, 594638, 594639, 594640,\n       594641],\n      dtype='int64', length=475714)] are in the [columns]"
2024-08-18 23:15:23,022 - __main__ - INFO - Starting COPOD Evaluation
2024-08-18 23:15:23,076 - __main__ - ERROR - Error evaluating COPOD model:"None of [Index([     1,      3,      4,      5,      8,      9,     10,     11,     13,\n           14,\n       ...\n       594630, 594631, 594633, 594635, 594636, 594637, 594638, 594639, 594640,\n       594641],\n      dtype='int64', length=475714)] are in the [columns]"
2024-08-18 23:15:23,076 - __main__ - INFO - Starting ECOD Evaluation
2024-08-18 23:15:23,131 - __main__ - ERROR - Error evaluating ECOD model:"None of [Index([     1,      3,      4,      5,      8,      9,     10,     11,     13,\n           14,\n       ...\n       594630, 594631, 594633, 594635, 594636, 594637, 594638, 594639, 594640,\n       594641],\n      dtype='int64', length=475714)] are in the [columns]"
2024-08-18 23:15:23,135 - __main__ - INFO - The evaluation results are saved to CSV file.
