2024-09-20 15:07:40,846 - __main__ - INFO - Starting LOF Evaluation
2024-09-20 19:25:18,948 - __main__ - INFO - Starting PCA Evaluation
2024-09-20 19:25:27,493 - __main__ - INFO - PCA Evaluation: ROC AUC Score=0.82, F1 Score=0.946, Precision Score=0.998,
Recall Score=0.9, Accuracy Score=0.648, Runtime=8.538
2024-09-20 19:25:27,494 - __main__ - INFO - Starting Isolation Forest Evaluation
2024-09-20 21:07:20,331 - __main__ - INFO - Best Isolation Forest Model: 180
2024-09-20 21:08:18,385 - __main__ - INFO - Isolation Forest Evaluation: ROC AUC Score=0.832, F1 Score=0.938, Precision Score=0.998, 
Recall Score=0.885, Accuracy Score=0.688, Runtime=58.045
2024-09-20 21:08:18,387 - __main__ - INFO - Starting DBSCAN Evaluation
2024-09-20 21:13:14,867 - __main__ - INFO - Starting COPOD Evaluation
2024-09-20 21:15:21,673 - __main__ - INFO - COPOD Evaluation: ROC AUC Score=0.758, F1 Score=0.946, Precision Score=0.998 
Recall Score=0.9, Accuracy Score=0.609, Runtime=126.708
2024-09-20 21:15:21,683 - __main__ - INFO - Starting ECOD Evaluation
2024-09-20 21:17:05,025 - __main__ - INFO - ECOD Evaluation: ROC AUC Score=0.756, F1 Score=0.946, Precision Score=0.998
Recall Score=0.9, Accuracy Score=0.627, Runtime=103.202
2024-09-20 21:17:08,257 - __main__ - INFO - The evaluation results are saved to CSV file.
2024-09-20 21:17:09,882 - __main__ - INFO - The evaluation results for unsupervised learning are saved to CSV file.
2024-09-20 21:31:45,178 - __main__ - INFO - Starting COPOD Evaluation
2024-09-20 21:33:59,023 - __main__ - INFO - COPOD Evaluation: ROC AUC Score=0.758, F1 Score=0.946, Precision Score=0.998 
Recall Score=0.9, Accuracy Score=0.609, Runtime=133.726
2024-09-20 21:33:59,032 - __main__ - INFO - Starting ECOD Evaluation
2024-09-20 21:35:38,688 - __main__ - INFO - ECOD Evaluation: ROC AUC Score=0.756, F1 Score=0.946, Precision Score=0.998
Recall Score=0.9, Accuracy Score=0.627, Runtime=99.564
2024-09-20 21:35:38,807 - __main__ - INFO - The evaluation results are saved to CSV file.
2024-09-20 21:35:38,807 - __main__ - INFO - The evaluation results for unsupervised learning are saved to CSV file.
