2024-08-05 21:18:45,498 - __main__ - INFO - Starting KNN Evaluation
2024-08-05 21:18:45,499 - __main__ - ERROR - Error evaluating KNN model:name 'paramet_tune' is not defined
2024-08-05 21:18:45,499 - __main__ - INFO - Starting Random Forest Classifier Evaluation
2024-08-05 21:18:45,499 - __main__ - ERROR - Error evaluating Random Forest Classifier model:name 'X_train' is not defined
2024-08-05 21:18:45,499 - __main__ - INFO - Starting XGBoost Classifier Evaluation
2024-08-05 21:18:45,499 - __main__ - ERROR - Error evaluating XGBoost Classifier model:name 'paramet_tune' is not defined
2024-08-05 21:18:45,499 - __main__ - INFO - Starting SVM Classifier Evaluation
2024-08-05 21:18:45,499 - __main__ - ERROR - Error evaluating SVM model:name 'X_train' is not defined
2024-08-05 21:18:45,499 - __main__ - INFO - Starting Naive Bayes Classifier Evaluation
2024-08-05 21:18:45,499 - __main__ - ERROR - Error evaluating Naive Bayes model:name 'X_train' is not defined
2024-08-05 21:18:45,500 - __main__ - INFO - Starting CatBoost Classifier Evaluation
2024-08-05 21:18:45,500 - __main__ - ERROR - Error evaluating CatBoost model:name 'X_train' is not defined
2024-08-05 21:18:45,500 - __main__ - INFO - Starting LOF Evaluation
2024-08-05 21:18:45,570 - __main__ - ERROR - Error evaluating LOF model:"None of [Index([     1,      2,      3,      4,      5,      7,      8,      9,     10,\n           13,\n       ...\n       284793, 284796, 284797, 284799, 284800, 284801, 284802, 284804, 284805,\n       284806],\n      dtype='int64', length=227845)] are in the [columns]"
2024-08-05 21:18:45,571 - __main__ - INFO - Starting PCA Evaluation
2024-08-05 21:18:45,596 - __main__ - ERROR - Error evaluating PCA model:"None of [Index([     1,      2,      3,      4,      5,      7,      8,      9,     10,\n           13,\n       ...\n       284793, 284796, 284797, 284799, 284800, 284801, 284802, 284804, 284805,\n       284806],\n      dtype='int64', length=227845)] are in the [columns]"
2024-08-05 21:18:45,597 - __main__ - INFO - Starting Isolation Forest Evaluation
2024-08-05 21:18:45,597 - __main__ - ERROR - Error evaluating Isolation Forest model:name 'paramet_tune' is not defined
2024-08-05 21:18:45,597 - __main__ - INFO - Starting DBSCAN Evaluation
2024-08-05 21:18:45,623 - __main__ - ERROR - Error evaluating DBSCAN model:"None of [Index([     1,      2,      3,      4,      5,      7,      8,      9,     10,\n           13,\n       ...\n       284793, 284796, 284797, 284799, 284800, 284801, 284802, 284804, 284805,\n       284806],\n      dtype='int64', length=227845)] are in the [columns]"
2024-08-05 21:18:45,623 - __main__ - INFO - Starting COPOD Evaluation
2024-08-05 21:18:45,648 - __main__ - ERROR - Error evaluating COPOD model:"None of [Index([     1,      2,      3,      4,      5,      7,      8,      9,     10,\n           13,\n       ...\n       284793, 284796, 284797, 284799, 284800, 284801, 284802, 284804, 284805,\n       284806],\n      dtype='int64', length=227845)] are in the [columns]"
2024-08-05 21:18:45,648 - __main__ - INFO - Starting ECOD Evaluation
2024-08-05 21:18:45,674 - __main__ - ERROR - Error evaluating ECOD model:"None of [Index([     1,      2,      3,      4,      5,      7,      8,      9,     10,\n           13,\n       ...\n       284793, 284796, 284797, 284799, 284800, 284801, 284802, 284804, 284805,\n       284806],\n      dtype='int64', length=227845)] are in the [columns]"
2024-08-05 21:18:45,679 - __main__ - INFO - The evaluation results are saved to CSV file.
